MPASM 5.86                          MAIN.ASM   12-2-2020  20:10:53         PAGE  1


LOC  OBJECT CODE     LINE SOURCE TEXT
  VALUE

                      00001 ;______________________________________________________________________________
                      00002 ; TP Master 1 - MNE (2020-2021)
                      00003 ; Justin SILVER
                      00004 ;
                      00005 ; systeme d'acquisition, tension --> PC avec un
                      00006 ; microcontroleur - PIC16F877
                      00007 ;
                      00008 ; Ce programme lit une tension binaire venant de l'ADC, le
                      00009 ; convertit en decimal et apres en ASCII.
                      00010 ; Ensuite, le resultat est envoye via USART au terminal PC
                      00011 ; ______________________________________________________________________________
                      00012 
                      00013 ; ==============================================================================
                      00014 ;                           variables/constantes
                      00015 ; ==============================================================================
                      00016 
                      00017     ; import labels from other modules
  0000                00018     EXTERN      PTR_PROMPT_MSG, PTR_RESULT_MSG
                      00019     ; subprograms
  0000                00020     EXTERN      copy_init_data, USART_Config, ADC_Config, TMR1_Config, PRINT_PROMPT_MSG
                      00021 
                      00022     ; ces registres sont accesibles de n'importe quelle page de memoire
                      00023     ; I believe I have to go ahead and use UDATA... I should do that
                      00024 SHARED_REGS     UDATA_SHR
0000                  00025 W_TEMP          RES 1   ; pour context sauvegarde (ISR)
0001                  00026 STATUS_TEMP     RES 1   ; pour context sauvegarde (ISR)
0002                  00027 ADC_RESULT      RES 1   ; contient le resultat
                      00028                         ; binaire (tension) de l'ADC
0003                  00029 TMR1_V_COUNT    RES 1   ; contient le nombre de fois le peripherique
                      00030                         ; Timer1 a fait un overflow
0004                  00031 CURRENT_MODE    RES 1   ; contient le mode de fonctionnement actuel du systeme
                      00032                         ; 'A' pour automatique, 'D' pour manuel
0005                  00033 MODE_REQUEST    RES 1   ; contient le mode de fonctionnement demande par
                      00034                         ; l'utilisateur
                      00035 
                      00036     ; export labels to other modules
  0000                00037     GLOBAL      W_TEMP, STATUS_TEMP, ADC_RESULT, TMR1_V_COUNT, CURRENT_MODE, MODE_REQUEST
                      00038 
                      00039 ; ==============================================================================
                      00040 ;                               configuration du uC
                      00041 ; ==============================================================================
                      00042 
                      00043     list p=16f877
                      00044     include "p16f877.inc"
                      00001         LIST
                      00002 
                      00003 ;==========================================================================
                      00004 ; Build date : Oct 24 2019
                      00005 ;  MPASM PIC16F877 processor include
                      00006 ; 
                      00007 ;  (c) Copyright 1999-2019 Microchip Technology, All rights reserved
                      00008 ;==========================================================================
                      00009 
MPASM 5.86                          MAIN.ASM   12-2-2020  20:10:53         PAGE  2


LOC  OBJECT CODE     LINE SOURCE TEXT
  VALUE

                      00541         LIST
                      00045 
                      00046     ; PIC16F877 Configuration Bit Settings
                      00047     ; turn on ICD with _DEBUG_OFF, because this
                      00048     ; clears the DEBUG bit in the config word (see doc)
2007   3F39           00049     __CONFIG _DEBUG_OFF & _LVP_OFF & _FOSC_XT & _WDTE_OFF & _PWRTE_OFF & _CP_OFF & _BOREN_OFF & _CPD_OFF
                             & _WRT_ON
                      00050 
                      00051 
                      00052 START_PROGRAM   CODE      0x000
0000   0000           00053                 nop              ; reserved for the  In-Circuit Debugger
0001   ???? ???? 2??? 00054                 lgoto      MAIN_Config
                      00055 
                      00056 #define INTERRUPTS_ON            ; si commenté, les interrupts ne sont pas enables
                      00057                                  ; si c'est le cas, seulement le message de prompt
                      00058                                  ; est affiché au terminal et le programme reste
                      00059                                  ; dans la boucle while() sans en sortir
                      00060 
                      00061 ; ==============================================================================
                      00062 ;                         configuration des periphiques
                      00063 ; ==============================================================================
                      00064 
                      00065 MAIN_FILE       CODE
                      00066 
                      00067 ; ENABLE_MCLR     
                      00068     ; banksel     PCON
                      00069     ; ; this is to enable master clear button on PICDEM
                      00070     ; movlw         (1 << NOT_BOR | 1 << NOT_POR )
                      00071     ; movwf       PCON
                      00072     
                      00073 
0000                  00074 MAIN_Config
0000   ???? ????      00075     PAGESEL     copy_init_data
0002   ???? ???? 2??? 00076     lcall        copy_init_data
                      00077     ; the ADC result msg is initialized to "[X,X, ,V,\r,\n,\0]"
                      00078     ; the prompt terminal msg is initialized to "[T,E,S,T,\r,\n,\0]"
0005   ???? ????      00079     PAGESEL     USART_Config
0007   ???? ???? 2??? 00080     lcall        USART_Config
000A   ???? ????      00081     PAGESEL     ADC_Config
000C   ???? ???? 2??? 00082     lcall        ADC_Config
000F   ???? ????      00083     PAGESEL     TMR1_Config
0011   ???? ???? 2??? 00084     lcall        TMR1_Config
                      00085 
                      00086 
                      00087 ; ==============================================================================
                      00088 ;               Load/initialize prompt and result msg and print prompt
                      00089 ; ==============================================================================
                      00090 
                      00091     ; the prompt terminal message is sent with polling method to PC terminal
0014   ???? ????      00092     PAGESEL     PRINT_PROMPT_MSG
0016   ???? ???? 2??? 00093     lcall        PRINT_PROMPT_MSG
                      00094 
                      00095 ; ==============================================================================
MPASM 5.86                          MAIN.ASM   12-2-2020  20:10:53         PAGE  3


LOC  OBJECT CODE     LINE SOURCE TEXT
  VALUE

                      00096 ;                           Interrupts configuration
                      00097 ; ==============================================================================
                      00098 
                      00099 ; clear all interrupt flags on startup
0019                  00100 CLR_PERIPH_FLAGS
0019   1283 1303      00101   banksel     PIR1
001B   100C           00102   bcf         PIR1, TMR1IF 
001C   130C           00103   bcf         PIR1, ADIF
                      00104 
                      00105 
                      00106 #ifdef INTERRUPTS_ON
001D                  00107 PERIPH_INT_ENABLE
001D   1283 1303      00108   banksel     INTCON
001F   170B           00109   bsf         INTCON, PEIE  ; ADC/USART peripheral interrupt enable
0020                  00110 USART_RCIF_ENABLE
0020   1683 1303      00111   banksel     PIE1
Message[302]: Register in operand not in bank 0.  Ensure that bank bits are correct.
0022   168C           00112   bsf         PIE1, RCIE   ; Receive USART flag enable
0023                  00113 GLOBAL_INT_ENABLE
0023   1283 1303      00114   banksel     INTCON
0025   178B           00115   bsf         INTCON, GIE  ; global interrupt enable
                      00116 #endif
                      00117 
                      00118 ; ==============================================================================
                      00119 ;                       programme principal (boucle infinie)
                      00120 ; ==============================================================================
                      00121 
0026                  00122 main
0026   0000           00123         nop
0027   ???? ???? 2??? 00124         lgoto     main
                      00125 
                      00126 ; ----------------------------------
                      00127 ;          end module code
                      00128 ; ----------------------------------
3F39                  00129         end
MPASM 5.86                          MAIN.ASM   12-2-2020  20:10:53         PAGE  4


SYMBOL TABLE
  LABEL                             VALUE 

ACKDT                             00000005
ACKEN                             00000004
ACKSTAT                           00000006
ADCON0                            0000001F
ADCON1                            0000009F
ADCS0                             00000006
ADCS1                             00000007
ADC_Config                        00000000
ADC_RESULT                        00000002
ADDEN                             00000003
ADFM                              00000007
ADIE                              00000006
ADIF                              00000006
ADON                              00000000
ADRESH                            0000001E
ADRESL                            0000009E
BCLIE                             00000003
BCLIF                             00000003
BF                                00000000
BRGH                              00000002
C                                 00000000
CCP1CON                           00000017
CCP1IE                            00000002
CCP1IF                            00000002
CCP1M0                            00000000
CCP1M1                            00000001
CCP1M2                            00000002
CCP1M3                            00000003
CCP1X                             00000005
CCP1Y                             00000004
CCP2CON                           0000001D
CCP2IE                            00000000
CCP2IF                            00000000
CCP2M0                            00000000
CCP2M1                            00000001
CCP2M2                            00000002
CCP2M3                            00000003
CCP2X                             00000005
CCP2Y                             00000004
CCPR1                             00000015
CCPR1H                            00000016
CCPR1L                            00000015
CCPR2                             0000001B
CCPR2H                            0000001C
CCPR2L                            0000001B
CHS0                              00000003
CHS1                              00000004
CHS2                              00000005
CKE                               00000006
CKP                               00000004
CLR_PERIPH_FLAGS                  00000019
CREN                              00000004
CSRC                              00000007
MPASM 5.86                          MAIN.ASM   12-2-2020  20:10:53         PAGE  5


SYMBOL TABLE
  LABEL                             VALUE 

CURRENT_MODE                      00000004
D                                 00000005
DATA_ADDRESS                      00000005
DC                                00000001
D_A                               00000005
D_NOT_A                           00000005
EEADR                             0000010D
EEADRH                            0000010F
EECON1                            0000018C
EECON2                            0000018D
EEDATA                            0000010C
EEDATH                            0000010E
EEIE                              00000004
EEIF                              00000004
EEPGD                             00000007
F                                 00000001
FERR                              00000002
FSR                               00000004
GCEN                              00000007
GIE                               00000007
GLOBAL_INT_ENABLE                 00000023
GO                                00000002
GO_DONE                           00000002
GO_NOT_DONE                       00000002
I2C_DATA                          00000005
I2C_READ                          00000002
I2C_START                         00000003
I2C_STOP                          00000004
IBF                               00000007
IBOV                              00000005
INDF                              00000000
INTCON                            0000000B
INTE                              00000004
INTEDG                            00000006
INTERRUPTS_ON                     
INTF                              00000001
IRP                               00000007
MAIN_Config                       00000000
MODE_REQUEST                      00000005
NOT_A                             00000005
NOT_ADDRESS                       00000005
NOT_BO                            00000000
NOT_BOR                           00000000
NOT_DONE                          00000002
NOT_PD                            00000003
NOT_POR                           00000001
NOT_RBPU                          00000007
NOT_RC8                           00000006
NOT_T1SYNC                        00000002
NOT_TO                            00000004
NOT_TX8                           00000006
NOT_W                             00000002
NOT_WRITE                         00000002
MPASM 5.86                          MAIN.ASM   12-2-2020  20:10:53         PAGE  6


SYMBOL TABLE
  LABEL                             VALUE 

OBF                               00000006
OERR                              00000001
OPTION_REG                        00000081
P                                 00000004
PCFG0                             00000000
PCFG1                             00000001
PCFG2                             00000002
PCFG3                             00000003
PCL                               00000002
PCLATH                            0000000A
PCON                              0000008E
PEIE                              00000006
PEN                               00000002
PERIPH_INT_ENABLE                 0000001D
PIE1                              0000008C
PIE2                              0000008D
PIR1                              0000000C
PIR2                              0000000D
PORTA                             00000005
PORTB                             00000006
PORTC                             00000007
PORTD                             00000008
PORTE                             00000009
PR2                               00000092
PRINT_PROMPT_MSG                  00000000
PS0                               00000000
PS1                               00000001
PS2                               00000002
PSA                               00000003
PSPIE                             00000007
PSPIF                             00000007
PSPMODE                           00000004
PTR_PROMPT_MSG                    00000000
PTR_RESULT_MSG                    00000000
R                                 00000002
RA0                               00000000
RA1                               00000001
RA2                               00000002
RA3                               00000003
RA4                               00000004
RA5                               00000005
RB0                               00000000
RB1                               00000001
RB2                               00000002
RB3                               00000003
RB4                               00000004
RB5                               00000005
RB6                               00000006
RB7                               00000007
RBIE                              00000003
RBIF                              00000000
RC0                               00000000
RC1                               00000001
MPASM 5.86                          MAIN.ASM   12-2-2020  20:10:53         PAGE  7


SYMBOL TABLE
  LABEL                             VALUE 

RC2                               00000002
RC3                               00000003
RC4                               00000004
RC5                               00000005
RC6                               00000006
RC7                               00000007
RC8_9                             00000006
RC9                               00000006
RCD8                              00000000
RCEN                              00000003
RCIE                              00000005
RCIF                              00000005
RCREG                             0000001A
RCSTA                             00000018
RD                                00000000
RD0                               00000000
RD1                               00000001
RD2                               00000002
RD3                               00000003
RD4                               00000004
RD5                               00000005
RD6                               00000006
RD7                               00000007
RE0                               00000000
RE1                               00000001
RE2                               00000002
READ_WRITE                        00000002
RP0                               00000005
RP1                               00000006
RSEN                              00000001
RX9                               00000006
RX9D                              00000000
R_NOT_W                           00000002
R_W                               00000002
S                                 00000003
SEN                               00000000
SMP                               00000007
SPBRG                             00000099
SPEN                              00000007
SREN                              00000005
SSPADD                            00000093
SSPBUF                            00000013
SSPCON                            00000014
SSPCON2                           00000091
SSPEN                             00000005
SSPIE                             00000003
SSPIF                             00000003
SSPM0                             00000000
SSPM1                             00000001
SSPM2                             00000002
SSPM3                             00000003
SSPOV                             00000006
SSPSTAT                           00000094
MPASM 5.86                          MAIN.ASM   12-2-2020  20:10:53         PAGE  8


SYMBOL TABLE
  LABEL                             VALUE 

STATUS                            00000003
STATUS_TEMP                       00000001
SYNC                              00000004
T0CS                              00000005
T0IE                              00000005
T0IF                              00000002
T0SE                              00000004
T1CKPS0                           00000004
T1CKPS1                           00000005
T1CON                             00000010
T1INSYNC                          00000002
T1OSCEN                           00000003
T1SYNC                            00000002
T2CKPS0                           00000000
T2CKPS1                           00000001
T2CON                             00000012
TMR0                              00000001
TMR0IE                            00000005
TMR0IF                            00000002
TMR1                              0000000E
TMR1CS                            00000001
TMR1H                             0000000F
TMR1IE                            00000000
TMR1IF                            00000000
TMR1L                             0000000E
TMR1ON                            00000000
TMR1_Config                       00000000
TMR1_V_COUNT                      00000003
TMR2                              00000011
TMR2IE                            00000001
TMR2IF                            00000001
TMR2ON                            00000002
TOUTPS0                           00000003
TOUTPS1                           00000004
TOUTPS2                           00000005
TOUTPS3                           00000006
TRISA                             00000085
TRISA0                            00000000
TRISA1                            00000001
TRISA2                            00000002
TRISA3                            00000003
TRISA4                            00000004
TRISA5                            00000005
TRISB                             00000086
TRISB0                            00000000
TRISB1                            00000001
TRISB2                            00000002
TRISB3                            00000003
TRISB4                            00000004
TRISB5                            00000005
TRISB6                            00000006
TRISB7                            00000007
TRISC                             00000087
MPASM 5.86                          MAIN.ASM   12-2-2020  20:10:53         PAGE  9


SYMBOL TABLE
  LABEL                             VALUE 

TRISC0                            00000000
TRISC1                            00000001
TRISC2                            00000002
TRISC3                            00000003
TRISC4                            00000004
TRISC5                            00000005
TRISC6                            00000006
TRISC7                            00000007
TRISD                             00000088
TRISD0                            00000000
TRISD1                            00000001
TRISD2                            00000002
TRISD3                            00000003
TRISD4                            00000004
TRISD5                            00000005
TRISD6                            00000006
TRISD7                            00000007
TRISE                             00000089
TRISE0                            00000000
TRISE1                            00000001
TRISE2                            00000002
TRMT                              00000001
TX8_9                             00000006
TX9                               00000006
TX9D                              00000000
TXD8                              00000000
TXEN                              00000005
TXIE                              00000004
TXIF                              00000004
TXREG                             00000019
TXSTA                             00000098
UA                                00000001
USART_Config                      00000000
USART_RCIF_ENABLE                 00000020
W                                 00000000
WCOL                              00000007
WR                                00000001
WREN                              00000002
WRERR                             00000003
W_TEMP                            00000000
Z                                 00000002
_BODEN_OFF                        00003FBF
_BODEN_ON                         00003FFF
_BOREN_OFF                        00003FBF
_BOREN_ON                         00003FFF
_CONFIG                           00002007
_CPD_OFF                          00003FFF
_CPD_ON                           00003EFF
_CP_ALL                           00000FCF
_CP_HALF                          00001FDF
_CP_OFF                           00003FFF
_CP_UPPER_256                     00002FEF
_DEBUG_OFF                        00003FFF
MPASM 5.86                          MAIN.ASM   12-2-2020  20:10:53         PAGE 10


SYMBOL TABLE
  LABEL                             VALUE 

_DEBUG_ON                         000037FF
_DEVID1                           00002006
_FOSC_EXTRC                       00003FFF
_FOSC_HS                          00003FFE
_FOSC_LP                          00003FFC
_FOSC_XT                          00003FFD
_HS_OSC                           00003FFE
_IDLOC0                           00002000
_IDLOC1                           00002001
_IDLOC2                           00002002
_IDLOC3                           00002003
_LP_OSC                           00003FFC
_LVP_OFF                          00003F7F
_LVP_ON                           00003FFF
_PWRTE_OFF                        00003FFF
_PWRTE_ON                         00003FF7
_RC_OSC                           00003FFF
_WDTE_OFF                         00003FFB
_WDTE_ON                          00003FFF
_WDT_OFF                          00003FFB
_WDT_ON                           00003FFF
_WRT_ENABLE_OFF                   00003DFF
_WRT_ENABLE_ON                    00003FFF
_WRT_OFF                          00003DFF
_WRT_ON                           00003FFF
_XT_OSC                           00003FFD
__16F877                          00000001
copy_init_data                    00000000
main                              00000026

Errors   :     0
Warnings :     0 reported,     0 suppressed
Messages :     1 reported,     0 suppressed

