MPASM 5.86                         USART.ASM   12-2-2020  20:10:53         PAGE  1


LOC  OBJECT CODE     LINE SOURCE TEXT
  VALUE

                      00001 ; ----------------------------------------------------
                      00002 ;        USART (mode asynchronous full-duplex)
                      00003 ; ----------------------------------------------------
                      00004 
                      00005       list p=16f877
                      00006       include "p16f877.inc"
                      00001         LIST
                      00002 
                      00003 ;==========================================================================
                      00004 ; Build date : Oct 24 2019
                      00005 ;  MPASM PIC16F877 processor include
                      00006 ; 
                      00007 ;  (c) Copyright 1999-2019 Microchip Technology, All rights reserved
                      00008 ;==========================================================================
                      00009 
                      00541         LIST
                      00007 
                      00008 ; ==============================================================================
                      00009 ;                          variables/constantes
                      00010 ; ==============================================================================
                      00011       ; registers
  0000                00012       EXTERN    CURRENT_MODE, MODE_REQUEST, TMR1_V_COUNT
                      00013       ; subprograms
  0000                00014       EXTERN    START_ADC
                      00015  
  0019                00016                 constant        X_VAL_SPBRG = D'25'     ; prescaler valeur pour le baud-rate generateur
  0000                00017                 constant        UNITY_OFFSET = 0x00     ; this would correspond to the index that the le
                            tter 'U' occupies
  0002                00018                 constant        DECIMAL_OFFSET = 0x02   ; this would correspond to the index that the le
                            tter 'D' occupies
                      00019 
                      00020                 ; UDATA  0x21
                      00021 ; PTR_PROMPT_MSG  RES 1   ; pointe a msg prompt pour l'utilisateur "Test\r\n"
                      00022 ; PTR_RESULT_MSG  RES 1   ; pointe a ADC result qu'on va envoyer via mode auto/manual
                      00023 
                      00024 USART_MSGS      IDATA
0000   54 45 53 54 0D 00025 PTR_PROMPT_MSG  DB  "TEST\r\n\0"    ; pointe a msg prompt pour l'utilisateur "Test\r\n"
       0A 00 
0007   58 2C 58 20 56 00026 PTR_RESULT_MSG  DB  "X,X V\r\n\0"   ; pointe a ADC result qu'on va envoyer via mode auto/manual
       0D 0A 00 
                      00027                
                      00028 
                      00029       ; export labels to other modules
  0000                00030       GLOBAL     PTR_PROMPT_MSG, PTR_RESULT_MSG
                      00031 
                      00032 ; ==============================================================================
                      00033 ;                          peripheral configuration
                      00034 ; ==============================================================================
                      00035 
                      00036 USART_FILE    CODE
0000                  00037 USART_Config
  0000                00038     GLOBAL      USART_Config    ; export sub-program label to other modules
                      00039     ; entrees/sorties (RC6/TX/CK and RC7/RX/DT)
MPASM 5.86                         USART.ASM   12-2-2020  20:10:53         PAGE  2


LOC  OBJECT CODE     LINE SOURCE TEXT
  VALUE

                      00040     ; TXUSART EST OUTPUT (RC6 -> sortie)
                      00041     ; RXUSART EST INPUT (RC7 -> entree)
0000   1683 1303      00042     banksel     TRISC
0002   3080           00043     movlw       ( 0<<TRISC6 | 1<<TRISC7 )
Message[302]: Register in operand not in bank 0.  Ensure that bank bits are correct.
0003   0087           00044     movwf       TRISC
                      00045 
                      00046     ; USART baud-rate
                      00047     ; Utilisation de HIGH SPEED mode (BRGH = 1) pour reduire l'erreur sur le baud rate
                      00048     ; formule du baud rate = (Asynchronous) Baud Rate = FOSC/(16(X+1)) ou X  est la
                      00049     ; valeur du registre SPBRG et est de 0...255
                      00050     ; nous voulons 9600 baud avec un FOSC de 4 MHz, ca donne X = 25
0004   1683 1303      00051     banksel     SPBRG
0006   3019           00052     movlw       X_VAL_SPBRG
Message[302]: Register in operand not in bank 0.  Ensure that bank bits are correct.
0007   0099           00053     movwf       SPBRG
                      00054 
                      00055     ; mode asynchrone
                      00056     ; high speed pour reduire l'erreur
                      00057     ; 8-bit transmission mode
                      00058     ; enable la transmission
0008   1683 1303      00059     banksel     TXSTA
000A   3024           00060     movlw           ( 1<<TXEN | 0<<TX9 | 1<<BRGH | 0<<SYNC )
Message[302]: Register in operand not in bank 0.  Ensure that bank bits are correct.
000B   0098           00061     movwf           TXSTA
                      00062 
                      00063     ; peripherique serie est "enabled"
                      00064     ; enables continuous receive
000C   1283 1303      00065     banksel     RCSTA
000E   3090           00066     movlw       ( 1<<SPEN | 1<<CREN )
000F   0098           00067     movwf       RCSTA
                      00068 
0010   0008           00069     return
                      00070 
                      00071 
                      00072 ; ==============================================================================
                      00073 ;               Print prompt message to PC terminal (polling)
                      00074 ;==============================================================================
                      00075 
                      00076 ; ----------------------------------------------
                      00077 ;      Print prompt via USART to PC terminal
                      00078 ; ----------------------------------------------
                      00079 
0011                  00080 PRINT_PROMPT_MSG
  0000                00081     GLOBAL PRINT_PROMPT_MSG
                      00082     ; necessaire a faire un banksel/bankisel pour les deux, car ces 2 registres sont accede
                      00083     ; par 2 manieres different - addressage directe et addressage indirecte
0011   1283 1303      00084     banksel     PIR1              ; selectionne le bank pour PIR1 this (RP1, RP0)
0013   ????           00085     bankisel    PTR_PROMPT_MSG    ; selectionne le bank pour PTR_PROMPT_MSG (IRP)
                      00086 
0014   30??           00087     movlw       PTR_PROMPT_MSG
0015   0084           00088     movwf       FSR               ; point to the start of the prompt msg
                      00089 
MPASM 5.86                         USART.ASM   12-2-2020  20:10:53         PAGE  3


LOC  OBJECT CODE     LINE SOURCE TEXT
  VALUE

0016                  00090 TEST_END_OF_PROMPT_MSG
0016   0800           00091     movf        INDF, W           ; move current byte pointed by FSR to work reg
0017   3A00           00092     xorlw       A'\0'             ; this operation will make Z flag = 1 if
                      00093                                   ; null character ('\0') of the msg is reached
0018   1903           00094     btfsc       STATUS, Z         ; if the end of the msg is reached, end USART comm
0019   ???? ???? 2??? 00095     lgoto        PROMPT_MSG_SENT
                      00096 
001C                  00097 TEST_TXIF
001C   1E0C           00098     btfss       PIR1, TXIF        ; test if the TX_REG is empty
001D   ???? ???? 2??? 00099     lgoto        TEST_TXIF         ; sinon, attendre
                      00100 
0020   0800           00101     movf        INDF, W           ; place msg byte pointed to by FSR into work reg
0021   0099           00102     movwf       TXREG             ; send msg byte to USART TX register
Message[305]: Using default destination of 1 (file).
0022   0A84           00103     incf        FSR               ; increment pointer index to next byte in prompt msg
0023   ???? ???? 2??? 00104     lgoto        TEST_END_OF_PROMPT_MSG
                      00105 
                      00106 ; it is not necessary to preload the FSR and preset the IRP, a nop instruction could
                      00107 ; be placed here instead, or a rearranged labeling
0026                  00108 PROMPT_MSG_SENT
0026   ????           00109                 bankisel PTR_RESULT_MSG   ; preselect the correct bank for indirect addressing
                      00110                                           ; the start of this msg
0027   30??           00111                 movlw PTR_RESULT_MSG      ; preload the FSR with the address to the
0028   0084           00112                 movwf FSR                 ; ADC result (this will be the next msg to send)
                      00113 
0029   0008           00114                 return
                      00115 
                      00116 ; ==============================================================================
                      00117 ;                           Interrupt callbacks
                      00118 ; ==============================================================================
                      00119 
                      00120 ; ----------------------------------
                      00121 ;              RCIF
                      00122 ; ----------------------------------
                      00123 
002A                  00124 RCIF_Callback
  0000                00125     GLOBAL      RCIF_Callback
002A   1283 1303      00126     banksel     RCREG
002C   081A           00127     movf        RCREG, W
002D   00??           00128     movwf       MODE_REQUEST         ; save what was received into a dedicated register
                      00129                                      ; this is to avoid possibly reading 2 different
                      00130                                      ; bytes in FIFO during the XOR tests below
002E                  00131 TEST_IF_A_UPPER
002E   08??           00132     movf        MODE_REQUEST, W      ; move what was received into working reg
002F   3A41           00133     xorlw       A'A'                 ; this operation will make Z flag = 1 if
                      00134                                      ; the character 'A' was received
0030   1903           00135     btfsc       STATUS, Z
0031   ???? ???? 2??? 00136     lgoto        SET_AUTOMATIC_MODE
                      00137 
0034                  00138 TEST_IF_A_LOWER
0034   08??           00139     movf        MODE_REQUEST, W      ; move what was received into working reg
0035   3A61           00140     xorlw       A'a'                 ; this operation will make Z flag = 1 if
                      00141                                      ; the character 'a' was received
MPASM 5.86                         USART.ASM   12-2-2020  20:10:53         PAGE  4


LOC  OBJECT CODE     LINE SOURCE TEXT
  VALUE

0036   1903           00142     btfsc       STATUS, Z
0037   ???? ???? 2??? 00143     lgoto        SET_AUTOMATIC_MODE
                      00144 
003A                  00145 TEST_IF_R_UPPER
003A   08??           00146     movf        MODE_REQUEST, W      ; move what was received into working reg
003B   3A52           00147     xorlw       A'R'                 ; this operation will make Z flag = 1 if
                      00148                                      ; the character 'R' was received
003C   1903           00149     btfsc       STATUS, Z
003D   ???? ???? 2??? 00150     lgoto        SET_MANUAL_MODE
                      00151 
0040                  00152 TEST_IF_R_LOWER
0040   08??           00153     movf        MODE_REQUEST, W      ; move what was received into working reg
0041   3A72           00154     xorlw       A'r'                 ; this operation will make Z flag = 1 if
                      00155                                      ; the character 'r' was received
0042   1903           00156     btfsc       STATUS, Z
0043   ???? ???? 2??? 00157     lgoto        SET_MANUAL_MODE
                      00158 
0046                  00159 TEST_IF_D_UPPER
0046   08??           00160     movf        MODE_REQUEST, W      ; move what was received into working reg
0047   3A44           00161     xorlw       A'D'                 ; this operation will make Z flag = 1 if
                      00162                                      ; the character 'D' was received
0048   1903           00163     btfsc       STATUS, Z
0049   ???? ???? 2??? 00164     lgoto        CONVERSION_REQUEST
                      00165 
004C                  00166 TEST_IF_D_LOWER
004C   08??           00167     movf        MODE_REQUEST, W      ; move what was received into working reg
004D   3A64           00168     xorlw       A'd'                 ; this operation will make Z flag = 1 if
                      00169                                      ; the character 'd' was received
004E   1903           00170     btfsc       STATUS, Z
004F   ???? ???? 2??? 00171     lgoto        CONVERSION_REQUEST
                      00172 
0052                  00173 SET_AUTOMATIC_MODE
0052   3041           00174     movlw       A'A'
0053   00??           00175     movwf       CURRENT_MODE         ; set the current mode reg to automatic
0054   1683 1303      00176     banksel     PIE1
Message[302]: Register in operand not in bank 0.  Ensure that bank bits are correct.
0056   140C           00177     bsf         PIE1, TMR1IE         ; Timer1 interrupt enable
                      00178 
                      00179     ; reset overflow count register (0 ms have passed)
                      00180     ; necessary in case RCIF raised while TMR1_V_COUNT is at 1
                      00181     ; if that happens, TMR1_V_COUNT would never be reset
0057   ???? ????      00182     banksel     TMR1_V_COUNT
0059   01??           00183     clrf        TMR1_V_COUNT
005A   ???? ???? 2??? 00184     lgoto        EXIT_RCIF_CALLBACK
                      00185 
005D                  00186 SET_MANUAL_MODE
005D   3052           00187     movlw       A'R'
005E   00??           00188     movwf       CURRENT_MODE         ; set the current mode reg to manual
005F   1683 1303      00189     banksel     PIE1
Message[302]: Register in operand not in bank 0.  Ensure that bank bits are correct.
0061   100C           00190     bcf         PIE1, TMR1IE         ; Timer1 interrupt disable
0062   ???? ???? 2??? 00191     lgoto        EXIT_RCIF_CALLBACK
                      00192 
MPASM 5.86                         USART.ASM   12-2-2020  20:10:53         PAGE  5


LOC  OBJECT CODE     LINE SOURCE TEXT
  VALUE

0065                  00193 CONVERSION_REQUEST
0065   08??           00194     movf        CURRENT_MODE, W
0066   3A52           00195     xorlw       A'R'                 ; this operation will make Z flag = 1 if
                      00196                                      ; the current mode is manual! Thus the
                      00197                                      ; user has correctly requested a conersion
0067   1903           00198     btfsc       STATUS, Z
0068   ???? ????      00199     PAGESEL     START_ADC
006A   ???? ???? 2??? 00200     lcall        START_ADC
                      00201 
006D                  00202 EXIT_RCIF_CALLBACK
006D   0008           00203     return
                      00204 
                      00205 ; ----------------------------------
                      00206 ;              TXIF
                      00207 ; ----------------------------------
                      00208 
006E                  00209 TXIF_Callback
  0000                00210     GLOBAL      TXIF_Callback
006E   ????           00211     bankisel    PTR_RESULT_MSG    ; this shouldn't really be necessary since
                      00212                                   ; indirect addressing isn't used unexpectedly
006F                  00213 TEST_END_OF_RESULT_MSG
006F   0800           00214     movf        INDF, W           ; move current byte pointed by FSR to work reg
0070   3A00           00215     xorlw       A'\0'             ; this operation will make Z flag = 1 if
                      00216                                   ; null character ('\0') of the msg is reached
0071   1903           00217     btfsc       STATUS, Z         ; if the end of the msg is reached, end USART comm
0072   ???? ???? 2??? 00218     lgoto RESULT_MSG_SENT
                      00219 
0075                  00220 SEND_NEW_BYTE
0075   1283 1303      00221     banksel     TXREG
0077   0800           00222     movf        INDF, W           ; place msg byte pointed to by FSR into work reg
0078   0099           00223     movwf       TXREG             ; send msg byte to USART TX register
Message[305]: Using default destination of 1 (file).
0079   0A84           00224     incf        FSR               ; increment pointer index to next byte in result msg
007A   ???? ???? 2??? 00225     lgoto EXIT_TXIF_CALLBACK
                      00226 
007D                  00227 RESULT_MSG_SENT
007D   1683 1303      00228     banksel     PIE1
Message[302]: Register in operand not in bank 0.  Ensure that bank bits are correct.
007F   120C           00229     bcf         PIE1, TXIE  ; USART TX interrupt flag disable
Message[302]: Register in operand not in bank 0.  Ensure that bank bits are correct.
0080   168C           00230     bsf         PIE1, RCIE  ; USART RC interrupt flag enable
                      00231 
0081                  00232 EXIT_TXIF_CALLBACK
0081   0008           00233     return
                      00234 
                      00235 ; ----------------------------------
                      00236 ;          end module code
                      00237 ; ----------------------------------
                      00238 
                      00239     end
MPASM 5.86                         USART.ASM   12-2-2020  20:10:53         PAGE  6


SYMBOL TABLE
  LABEL                             VALUE 

ACKDT                             00000005
ACKEN                             00000004
ACKSTAT                           00000006
ADCON0                            0000001F
ADCON1                            0000009F
ADCS0                             00000006
ADCS1                             00000007
ADDEN                             00000003
ADFM                              00000007
ADIE                              00000006
ADIF                              00000006
ADON                              00000000
ADRESH                            0000001E
ADRESL                            0000009E
BCLIE                             00000003
BCLIF                             00000003
BF                                00000000
BRGH                              00000002
C                                 00000000
CCP1CON                           00000017
CCP1IE                            00000002
CCP1IF                            00000002
CCP1M0                            00000000
CCP1M1                            00000001
CCP1M2                            00000002
CCP1M3                            00000003
CCP1X                             00000005
CCP1Y                             00000004
CCP2CON                           0000001D
CCP2IE                            00000000
CCP2IF                            00000000
CCP2M0                            00000000
CCP2M1                            00000001
CCP2M2                            00000002
CCP2M3                            00000003
CCP2X                             00000005
CCP2Y                             00000004
CCPR1                             00000015
CCPR1H                            00000016
CCPR1L                            00000015
CCPR2                             0000001B
CCPR2H                            0000001C
CCPR2L                            0000001B
CHS0                              00000003
CHS1                              00000004
CHS2                              00000005
CKE                               00000006
CKP                               00000004
CONVERSION_REQUEST                00000065
CREN                              00000004
CSRC                              00000007
CURRENT_MODE                      00000000
D                                 00000005
MPASM 5.86                         USART.ASM   12-2-2020  20:10:53         PAGE  7


SYMBOL TABLE
  LABEL                             VALUE 

DATA_ADDRESS                      00000005
DC                                00000001
DECIMAL_OFFSET                    00000002
D_A                               00000005
D_NOT_A                           00000005
EEADR                             0000010D
EEADRH                            0000010F
EECON1                            0000018C
EECON2                            0000018D
EEDATA                            0000010C
EEDATH                            0000010E
EEIE                              00000004
EEIF                              00000004
EEPGD                             00000007
EXIT_RCIF_CALLBACK                0000006D
EXIT_TXIF_CALLBACK                00000081
F                                 00000001
FERR                              00000002
FSR                               00000004
GCEN                              00000007
GIE                               00000007
GO                                00000002
GO_DONE                           00000002
GO_NOT_DONE                       00000002
I2C_DATA                          00000005
I2C_READ                          00000002
I2C_START                         00000003
I2C_STOP                          00000004
IBF                               00000007
IBOV                              00000005
INDF                              00000000
INTCON                            0000000B
INTE                              00000004
INTEDG                            00000006
INTF                              00000001
IRP                               00000007
MODE_REQUEST                      00000000
NOT_A                             00000005
NOT_ADDRESS                       00000005
NOT_BO                            00000000
NOT_BOR                           00000000
NOT_DONE                          00000002
NOT_PD                            00000003
NOT_POR                           00000001
NOT_RBPU                          00000007
NOT_RC8                           00000006
NOT_T1SYNC                        00000002
NOT_TO                            00000004
NOT_TX8                           00000006
NOT_W                             00000002
NOT_WRITE                         00000002
OBF                               00000006
OERR                              00000001
MPASM 5.86                         USART.ASM   12-2-2020  20:10:53         PAGE  8


SYMBOL TABLE
  LABEL                             VALUE 

OPTION_REG                        00000081
P                                 00000004
PCFG0                             00000000
PCFG1                             00000001
PCFG2                             00000002
PCFG3                             00000003
PCL                               00000002
PCLATH                            0000000A
PCON                              0000008E
PEIE                              00000006
PEN                               00000002
PIE1                              0000008C
PIE2                              0000008D
PIR1                              0000000C
PIR2                              0000000D
PORTA                             00000005
PORTB                             00000006
PORTC                             00000007
PORTD                             00000008
PORTE                             00000009
PR2                               00000092
PRINT_PROMPT_MSG                  00000011
PROMPT_MSG_SENT                   00000026
PS0                               00000000
PS1                               00000001
PS2                               00000002
PSA                               00000003
PSPIE                             00000007
PSPIF                             00000007
PSPMODE                           00000004
PTR_PROMPT_MSG                    00000000
PTR_RESULT_MSG                    00000007
R                                 00000002
RA0                               00000000
RA1                               00000001
RA2                               00000002
RA3                               00000003
RA4                               00000004
RA5                               00000005
RB0                               00000000
RB1                               00000001
RB2                               00000002
RB3                               00000003
RB4                               00000004
RB5                               00000005
RB6                               00000006
RB7                               00000007
RBIE                              00000003
RBIF                              00000000
RC0                               00000000
RC1                               00000001
RC2                               00000002
RC3                               00000003
MPASM 5.86                         USART.ASM   12-2-2020  20:10:53         PAGE  9


SYMBOL TABLE
  LABEL                             VALUE 

RC4                               00000004
RC5                               00000005
RC6                               00000006
RC7                               00000007
RC8_9                             00000006
RC9                               00000006
RCD8                              00000000
RCEN                              00000003
RCIE                              00000005
RCIF                              00000005
RCIF_Callback                     0000002A
RCREG                             0000001A
RCSTA                             00000018
RD                                00000000
RD0                               00000000
RD1                               00000001
RD2                               00000002
RD3                               00000003
RD4                               00000004
RD5                               00000005
RD6                               00000006
RD7                               00000007
RE0                               00000000
RE1                               00000001
RE2                               00000002
READ_WRITE                        00000002
RESULT_MSG_SENT                   0000007D
RP0                               00000005
RP1                               00000006
RSEN                              00000001
RX9                               00000006
RX9D                              00000000
R_NOT_W                           00000002
R_W                               00000002
S                                 00000003
SEN                               00000000
SEND_NEW_BYTE                     00000075
SET_AUTOMATIC_MODE                00000052
SET_MANUAL_MODE                   0000005D
SMP                               00000007
SPBRG                             00000099
SPEN                              00000007
SREN                              00000005
SSPADD                            00000093
SSPBUF                            00000013
SSPCON                            00000014
SSPCON2                           00000091
SSPEN                             00000005
SSPIE                             00000003
SSPIF                             00000003
SSPM0                             00000000
SSPM1                             00000001
SSPM2                             00000002
MPASM 5.86                         USART.ASM   12-2-2020  20:10:53         PAGE 10


SYMBOL TABLE
  LABEL                             VALUE 

SSPM3                             00000003
SSPOV                             00000006
SSPSTAT                           00000094
START_ADC                         00000000
STATUS                            00000003
SYNC                              00000004
T0CS                              00000005
T0IE                              00000005
T0IF                              00000002
T0SE                              00000004
T1CKPS0                           00000004
T1CKPS1                           00000005
T1CON                             00000010
T1INSYNC                          00000002
T1OSCEN                           00000003
T1SYNC                            00000002
T2CKPS0                           00000000
T2CKPS1                           00000001
T2CON                             00000012
TEST_END_OF_PROMPT_MSG            00000016
TEST_END_OF_RESULT_MSG            0000006F
TEST_IF_A_LOWER                   00000034
TEST_IF_A_UPPER                   0000002E
TEST_IF_D_LOWER                   0000004C
TEST_IF_D_UPPER                   00000046
TEST_IF_R_LOWER                   00000040
TEST_IF_R_UPPER                   0000003A
TEST_TXIF                         0000001C
TMR0                              00000001
TMR0IE                            00000005
TMR0IF                            00000002
TMR1                              0000000E
TMR1CS                            00000001
TMR1H                             0000000F
TMR1IE                            00000000
TMR1IF                            00000000
TMR1L                             0000000E
TMR1ON                            00000000
TMR1_V_COUNT                      00000000
TMR2                              00000011
TMR2IE                            00000001
TMR2IF                            00000001
TMR2ON                            00000002
TOUTPS0                           00000003
TOUTPS1                           00000004
TOUTPS2                           00000005
TOUTPS3                           00000006
TRISA                             00000085
TRISA0                            00000000
TRISA1                            00000001
TRISA2                            00000002
TRISA3                            00000003
TRISA4                            00000004
MPASM 5.86                         USART.ASM   12-2-2020  20:10:53         PAGE 11


SYMBOL TABLE
  LABEL                             VALUE 

TRISA5                            00000005
TRISB                             00000086
TRISB0                            00000000
TRISB1                            00000001
TRISB2                            00000002
TRISB3                            00000003
TRISB4                            00000004
TRISB5                            00000005
TRISB6                            00000006
TRISB7                            00000007
TRISC                             00000087
TRISC0                            00000000
TRISC1                            00000001
TRISC2                            00000002
TRISC3                            00000003
TRISC4                            00000004
TRISC5                            00000005
TRISC6                            00000006
TRISC7                            00000007
TRISD                             00000088
TRISD0                            00000000
TRISD1                            00000001
TRISD2                            00000002
TRISD3                            00000003
TRISD4                            00000004
TRISD5                            00000005
TRISD6                            00000006
TRISD7                            00000007
TRISE                             00000089
TRISE0                            00000000
TRISE1                            00000001
TRISE2                            00000002
TRMT                              00000001
TX8_9                             00000006
TX9                               00000006
TX9D                              00000000
TXD8                              00000000
TXEN                              00000005
TXIE                              00000004
TXIF                              00000004
TXIF_Callback                     0000006E
TXREG                             00000019
TXSTA                             00000098
UA                                00000001
UNITY_OFFSET                      00000000
USART_Config                      00000000
W                                 00000000
WCOL                              00000007
WR                                00000001
WREN                              00000002
WRERR                             00000003
X_VAL_SPBRG                       00000019
Z                                 00000002
MPASM 5.86                         USART.ASM   12-2-2020  20:10:53         PAGE 12


SYMBOL TABLE
  LABEL                             VALUE 

_BODEN_OFF                        00003FBF
_BODEN_ON                         00003FFF
_BOREN_OFF                        00003FBF
_BOREN_ON                         00003FFF
_CONFIG                           00002007
_CPD_OFF                          00003FFF
_CPD_ON                           00003EFF
_CP_ALL                           00000FCF
_CP_HALF                          00001FDF
_CP_OFF                           00003FFF
_CP_UPPER_256                     00002FEF
_DEBUG_OFF                        00003FFF
_DEBUG_ON                         000037FF
_DEVID1                           00002006
_FOSC_EXTRC                       00003FFF
_FOSC_HS                          00003FFE
_FOSC_LP                          00003FFC
_FOSC_XT                          00003FFD
_HS_OSC                           00003FFE
_IDLOC0                           00002000
_IDLOC1                           00002001
_IDLOC2                           00002002
_IDLOC3                           00002003
_LP_OSC                           00003FFC
_LVP_OFF                          00003F7F
_LVP_ON                           00003FFF
_PWRTE_OFF                        00003FFF
_PWRTE_ON                         00003FF7
_RC_OSC                           00003FFF
_WDTE_OFF                         00003FFB
_WDTE_ON                          00003FFF
_WDT_OFF                          00003FFB
_WDT_ON                           00003FFF
_WRT_ENABLE_OFF                   00003DFF
_WRT_ENABLE_ON                    00003FFF
_WRT_OFF                          00003DFF
_WRT_ON                           00003FFF
_XT_OSC                           00003FFD
__16F877                          00000001

Errors   :     0
Warnings :     0 reported,     0 suppressed
Messages :     9 reported,     0 suppressed

