MPASM 5.86                           ISR.ASM   12-3-2020  16:13:32         PAGE  1


LOC  OBJECT CODE     LINE SOURCE TEXT
  VALUE

                      00001 ; ------------------------------------
                      00002 ;              Interrupts
                      00003 ; ------------------------------------
                      00004 
                      00005     list p=16f877a
                      00006     include "p16f877a.inc"
                      00001         LIST
                      00002 
                      00003 ;==========================================================================
                      00004 ; Build date : Oct 24 2019
                      00005 ;  MPASM PIC16F877A processor include
                      00006 ; 
                      00007 ;  (c) Copyright 1999-2019 Microchip Technology, All rights reserved
                      00008 ;==========================================================================
                      00009 
                      00567         LIST
                      00007 
                      00008 ; ==============================================================================
                      00009 ;                          variables/constantes
                      00010 ; ==============================================================================
                      00011 
                      00012     ; registers
  0000                00013     EXTERN      W_TEMP, STATUS_TEMP, PCLATH_TEMP   ; these registers are shared across
                      00014                                                    ; all banks, thus no banksel instruction is
                      00015                                                    ; necessary to access them
                      00016      ; subprograms
  0000                00017     EXTERN      RCIF_Callback, TMR1IF_Callback, ADIF_Callback, TXIF_Callback
                      00018 
                      00019 ; ==============================================================================
                      00020 ;                        Interrupt service routine (ISR)
                      00021 ; ==============================================================================
                      00022 
                      00023 ; ------------------------------------
                      00024 ;       Sauvegarder le contexte
                      00025 ; ------------------------------------
                      00026 
                      00027 ISR_FILE    CODE        0x004             ; interrupt vector location pour le PIC uC
0004   00??           00028             movwf       W_TEMP            ; Copy W to TEMP register
0005   0E03           00029             swapf       STATUS, W         ; Swap status to be saved into W
0006   00??           00030             movwf       STATUS_TEMP       ; Save status to bank zero STATUS_TEMP register
0007   080A           00031             movf        PCLATH, W
0008   00??           00032             movwf       PCLATH_TEMP
                      00033 
                      00034 ; -----------------------------------
                      00035 ;           Flag checking
                      00036 ; -----------------------------------
                      00037 
                      00038 ; Although PIR1 is the same interrupt flag register for
                      00039 ; all the peripherals used in this program, it's important to
                      00040 ; still perform a banksel PIR1. This is to deal with situations where
                      00041 ; the X_Callback subprogram causes the current bank to be changed
                      00042 
                      00043 ; Did we receive a message via USART?
MPASM 5.86                           ISR.ASM   12-3-2020  16:13:32         PAGE  2


LOC  OBJECT CODE     LINE SOURCE TEXT
  VALUE

0009                  00044 RCIF_status
0009   1283 1303      00045     banksel       PIR1
000B   1E8C           00046     btfss         PIR1, RCIF
                      00047     ; goto is necessary here because we are only skipping the NEXT
                      00048     ; instruction and not the entire long goto (lgoto)
000C   2???           00049     goto          TMR1IF_status         ; check next flag if this flag is not set
000D   ???? ???? 2??? 00050     lcall         RCIF_Callback
0010   ???? ????      00051     PAGESEL       TMR1IF_status         ; in case previous subprogram call changed
                      00052                                         ; program memory page
                      00053 
                      00054 ; Did the Timer1 module overflow?
0012                  00055 TMR1IF_status
0012   1283 1303      00056     banksel       PIR1
0014   1C0C           00057     btfss         PIR1, TMR1IF          ; check next flag if this flag is not set
0015   2???           00058     goto          ADIF_status
                      00059 
0016   100C           00060     bcf           PIR1, TMR1IF          ; clear flag
0017   ???? ???? 2??? 00061     lcall         TMR1IF_Callback
001A   ???? ????      00062     PAGESEL       ADIF_status           ; in case previous subprogram call changed
                      00063                                         ; program memory page
                      00064 
                      00065 ; Is the analog to digital conversion done?
001C                  00066 ADIF_status
001C   1283 1303      00067     banksel       PIR1
001E   1F0C           00068     btfss         PIR1, ADIF           ; check next flag if this flag is not set
001F   2???           00069     goto          TXIF_status
                      00070 
0020   130C           00071     bcf           PIR1, ADIF           ; clear flag
0021   ???? ???? 2??? 00072     lcall         ADIF_Callback
0024   ???? ????      00073     PAGESEL       TXIF_status          ; in case previous subprogram call changed
                      00074                                        ; program memory page
                      00075 
                      00076 ; Is the USART TX register ready for a new character?
0026                  00077 TXIF_status
0026   1283 1303      00078     banksel       PIR1
0028   1E0C           00079     btfss         PIR1, TXIF
0029   2???           00080     goto          INT_FLAG_CHECK_DONE  ; all flags checked
                      00081 
002A   ???? ???? 2??? 00082     lcall         TXIF_Callback
002D   ???? ????      00083     PAGESEL       INT_FLAG_CHECK_DONE  ; in case previous subprogram call changed
                      00084                                        ; program memory page
                      00085 
                      00086 ; -------------------------------------
                      00087 ;       Restaurer le contexte
                      00088 ; -------------------------------------
                      00089 
002F                  00090 INT_FLAG_CHECK_DONE
002F   0E??           00091     swapf         STATUS_TEMP,W   ; Swap STATUS_TEMP register into W
                      00092                                   ; (sets bank to original state)
0030   0083           00093     movwf         STATUS          ; Move W into STATUS register
0031   0E??           00094     swapf         W_TEMP,F        ; Swap W_TEMP
0032   0E??           00095     swapf         W_TEMP,W        ; Swap W_TEMP into W (restores original state)
0033   08??           00096     movf          PCLATH_TEMP, W  ; Restore PCLATH
MPASM 5.86                           ISR.ASM   12-3-2020  16:13:32         PAGE  3


LOC  OBJECT CODE     LINE SOURCE TEXT
  VALUE

0034   008A           00097     movwf         PCLATH
0035   0009           00098     retfie
                      00099 
                      00100 
                      00101 ; ----------------------------------
                      00102 ;          end module code
                      00103 ; ----------------------------------
                      00104 
                      00105     end
MPASM 5.86                           ISR.ASM   12-3-2020  16:13:32         PAGE  4


SYMBOL TABLE
  LABEL                             VALUE 

ACKDT                             00000005
ACKEN                             00000004
ACKSTAT                           00000006
ADCON0                            0000001F
ADCON1                            0000009F
ADCS0                             00000006
ADCS1                             00000007
ADCS2                             00000006
ADDEN                             00000003
ADFM                              00000007
ADIE                              00000006
ADIF                              00000006
ADIF_Callback                     00000000
ADIF_status                       0000001C
ADON                              00000000
ADRESH                            0000001E
ADRESL                            0000009E
BCLIE                             00000003
BCLIF                             00000003
BF                                00000000
BRGH                              00000002
C                                 00000000
C1INV                             00000004
C1OUT                             00000006
C2INV                             00000005
C2OUT                             00000007
CCP1CON                           00000017
CCP1IE                            00000002
CCP1IF                            00000002
CCP1M0                            00000000
CCP1M1                            00000001
CCP1M2                            00000002
CCP1M3                            00000003
CCP1X                             00000005
CCP1Y                             00000004
CCP2CON                           0000001D
CCP2IE                            00000000
CCP2IF                            00000000
CCP2M0                            00000000
CCP2M1                            00000001
CCP2M2                            00000002
CCP2M3                            00000003
CCP2X                             00000005
CCP2Y                             00000004
CCPR1                             00000015
CCPR1H                            00000016
CCPR1L                            00000015
CCPR2                             0000001B
CCPR2H                            0000001C
CCPR2L                            0000001B
CHS0                              00000003
CHS1                              00000004
CHS2                              00000005
MPASM 5.86                           ISR.ASM   12-3-2020  16:13:32         PAGE  5


SYMBOL TABLE
  LABEL                             VALUE 

CIS                               00000003
CKE                               00000006
CKP                               00000004
CM0                               00000000
CM1                               00000001
CM2                               00000002
CMCON                             0000009C
CMIE                              00000006
CMIF                              00000006
CREN                              00000004
CSRC                              00000007
CVR0                              00000000
CVR1                              00000001
CVR2                              00000002
CVR3                              00000003
CVRCON                            0000009D
CVREN                             00000007
CVROE                             00000006
CVRR                              00000005
D                                 00000005
DATA_ADDRESS                      00000005
DC                                00000001
D_A                               00000005
D_NOT_A                           00000005
EEADR                             0000010D
EEADRH                            0000010F
EECON1                            0000018C
EECON2                            0000018D
EEDATA                            0000010C
EEDATH                            0000010E
EEIE                              00000004
EEIF                              00000004
EEPGD                             00000007
F                                 00000001
FERR                              00000002
FSR                               00000004
GCEN                              00000007
GIE                               00000007
GO                                00000002
GO_DONE                           00000002
GO_NOT_DONE                       00000002
I2C_DATA                          00000005
I2C_READ                          00000002
I2C_START                         00000003
I2C_STOP                          00000004
IBF                               00000007
IBOV                              00000005
INDF                              00000000
INTCON                            0000000B
INTE                              00000004
INTEDG                            00000006
INTF                              00000001
INT_FLAG_CHECK_DONE               0000002F
MPASM 5.86                           ISR.ASM   12-3-2020  16:13:32         PAGE  6


SYMBOL TABLE
  LABEL                             VALUE 

IRP                               00000007
NOT_A                             00000005
NOT_ADDRESS                       00000005
NOT_BO                            00000000
NOT_BOR                           00000000
NOT_DONE                          00000002
NOT_PD                            00000003
NOT_POR                           00000001
NOT_RBPU                          00000007
NOT_RC8                           00000006
NOT_T1SYNC                        00000002
NOT_TO                            00000004
NOT_TX8                           00000006
NOT_W                             00000002
NOT_WRITE                         00000002
OBF                               00000006
OERR                              00000001
OPTION_REG                        00000081
P                                 00000004
PCFG0                             00000000
PCFG1                             00000001
PCFG2                             00000002
PCFG3                             00000003
PCL                               00000002
PCLATH                            0000000A
PCLATH_TEMP                       00000000
PCON                              0000008E
PEIE                              00000006
PEN                               00000002
PIE1                              0000008C
PIE2                              0000008D
PIR1                              0000000C
PIR2                              0000000D
PORTA                             00000005
PORTB                             00000006
PORTC                             00000007
PORTD                             00000008
PORTE                             00000009
PR2                               00000092
PS0                               00000000
PS1                               00000001
PS2                               00000002
PSA                               00000003
PSPIE                             00000007
PSPIF                             00000007
PSPMODE                           00000004
R                                 00000002
RA0                               00000000
RA1                               00000001
RA2                               00000002
RA3                               00000003
RA4                               00000004
RA5                               00000005
MPASM 5.86                           ISR.ASM   12-3-2020  16:13:32         PAGE  7


SYMBOL TABLE
  LABEL                             VALUE 

RB0                               00000000
RB1                               00000001
RB2                               00000002
RB3                               00000003
RB4                               00000004
RB5                               00000005
RB6                               00000006
RB7                               00000007
RBIE                              00000003
RBIF                              00000000
RC0                               00000000
RC1                               00000001
RC2                               00000002
RC3                               00000003
RC4                               00000004
RC5                               00000005
RC6                               00000006
RC7                               00000007
RC8_9                             00000006
RC9                               00000006
RCD8                              00000000
RCEN                              00000003
RCIE                              00000005
RCIF                              00000005
RCIF_Callback                     00000000
RCIF_status                       00000009
RCREG                             0000001A
RCSTA                             00000018
RD                                00000000
RD0                               00000000
RD1                               00000001
RD2                               00000002
RD3                               00000003
RD4                               00000004
RD5                               00000005
RD6                               00000006
RD7                               00000007
RE0                               00000000
RE1                               00000001
RE2                               00000002
READ_WRITE                        00000002
RP0                               00000005
RP1                               00000006
RSEN                              00000001
RX9                               00000006
RX9D                              00000000
R_NOT_W                           00000002
R_W                               00000002
S                                 00000003
SEN                               00000000
SMP                               00000007
SPBRG                             00000099
SPEN                              00000007
MPASM 5.86                           ISR.ASM   12-3-2020  16:13:32         PAGE  8


SYMBOL TABLE
  LABEL                             VALUE 

SREN                              00000005
SSPADD                            00000093
SSPBUF                            00000013
SSPCON                            00000014
SSPCON2                           00000091
SSPEN                             00000005
SSPIE                             00000003
SSPIF                             00000003
SSPM0                             00000000
SSPM1                             00000001
SSPM2                             00000002
SSPM3                             00000003
SSPOV                             00000006
SSPSTAT                           00000094
STATUS                            00000003
STATUS_TEMP                       00000000
SYNC                              00000004
T0CS                              00000005
T0IE                              00000005
T0IF                              00000002
T0SE                              00000004
T1CKPS0                           00000004
T1CKPS1                           00000005
T1CON                             00000010
T1INSYNC                          00000002
T1OSCEN                           00000003
T1SYNC                            00000002
T2CKPS0                           00000000
T2CKPS1                           00000001
T2CON                             00000012
TMR0                              00000001
TMR0IE                            00000005
TMR0IF                            00000002
TMR1                              0000000E
TMR1CS                            00000001
TMR1H                             0000000F
TMR1IE                            00000000
TMR1IF                            00000000
TMR1IF_Callback                   00000000
TMR1IF_status                     00000012
TMR1L                             0000000E
TMR1ON                            00000000
TMR2                              00000011
TMR2IE                            00000001
TMR2IF                            00000001
TMR2ON                            00000002
TOUTPS0                           00000003
TOUTPS1                           00000004
TOUTPS2                           00000005
TOUTPS3                           00000006
TRISA                             00000085
TRISA0                            00000000
TRISA1                            00000001
MPASM 5.86                           ISR.ASM   12-3-2020  16:13:32         PAGE  9


SYMBOL TABLE
  LABEL                             VALUE 

TRISA2                            00000002
TRISA3                            00000003
TRISA4                            00000004
TRISA5                            00000005
TRISB                             00000086
TRISB0                            00000000
TRISB1                            00000001
TRISB2                            00000002
TRISB3                            00000003
TRISB4                            00000004
TRISB5                            00000005
TRISB6                            00000006
TRISB7                            00000007
TRISC                             00000087
TRISC0                            00000000
TRISC1                            00000001
TRISC2                            00000002
TRISC3                            00000003
TRISC4                            00000004
TRISC5                            00000005
TRISC6                            00000006
TRISC7                            00000007
TRISD                             00000088
TRISD0                            00000000
TRISD1                            00000001
TRISD2                            00000002
TRISD3                            00000003
TRISD4                            00000004
TRISD5                            00000005
TRISD6                            00000006
TRISD7                            00000007
TRISE                             00000089
TRISE0                            00000000
TRISE1                            00000001
TRISE2                            00000002
TRMT                              00000001
TX8_9                             00000006
TX9                               00000006
TX9D                              00000000
TXD8                              00000000
TXEN                              00000005
TXIE                              00000004
TXIF                              00000004
TXIF_Callback                     00000000
TXIF_status                       00000026
TXREG                             00000019
TXSTA                             00000098
UA                                00000001
W                                 00000000
WCOL                              00000007
WR                                00000001
WREN                              00000002
WRERR                             00000003
MPASM 5.86                           ISR.ASM   12-3-2020  16:13:32         PAGE 10


SYMBOL TABLE
  LABEL                             VALUE 

W_TEMP                            00000000
Z                                 00000002
_BODEN_OFF                        00003FBF
_BODEN_ON                         00003FFF
_BOREN_OFF                        00003FBF
_BOREN_ON                         00003FFF
_CONFIG                           00002007
_CPD_OFF                          00003FFF
_CPD_ON                           00003EFF
_CP_ALL                           00001FFF
_CP_OFF                           00003FFF
_CP_ON                            00001FFF
_DEBUG_OFF                        00003FFF
_DEBUG_ON                         000037FF
_DEVID1                           00002006
_FOSC_EXTRC                       00003FFF
_FOSC_HS                          00003FFE
_FOSC_LP                          00003FFC
_FOSC_XT                          00003FFD
_HS_OSC                           00003FFE
_IDLOC0                           00002000
_IDLOC1                           00002001
_IDLOC2                           00002002
_IDLOC3                           00002003
_LP_OSC                           00003FFC
_LVP_OFF                          00003F7F
_LVP_ON                           00003FFF
_PWRTE_OFF                        00003FFF
_PWRTE_ON                         00003FF7
_RC_OSC                           00003FFF
_WDTE_OFF                         00003FFB
_WDTE_ON                          00003FFF
_WDT_OFF                          00003FFB
_WDT_ON                           00003FFF
_WRT_1FOURTH                      00003BFF
_WRT_256                          00003DFF
_WRT_HALF                         000039FF
_WRT_OFF                          00003FFF
_XT_OSC                           00003FFD
__16F877A                         00000001

Errors   :     0
Warnings :     0 reported,     0 suppressed
Messages :     0 reported,     0 suppressed

